<?xml version="1.0" encoding="UTF-8"?>
<!-- Generated by org.testng.reporters.JUnitXMLReporter -->
<testsuite hostname="CHEAC344103237" ignored="0" name="Default test(failed)" tests="2" failures="1" timestamp="04 Jan 2018 12:29:58 GMT" time="30.947" errors="0">
  <testcase name="@BeforeMethod beforeMethod" time="11.958" classname="wdMethods.ProjectMethods">
    <failure type="java.lang.RuntimeException" message="FAILED">
      <![CDATA[java.lang.RuntimeException: FAILED
	at utils.Reporter.reportStep(Reporter.java:34)
	at utils.Reporter.reportStep(Reporter.java:44)
	at wdMethods.SeMethods.startApp(SeMethods.java:67)
	at wdMethods.ProjectMethods.beforeMethod(ProjectMethods.java:33)
... Removed 27 stack frames]]>
    </failure>
  </testcase> <!-- @BeforeMethod beforeMethod -->
  <testcase name="@AfterMethod afterMethod" time="0.0" classname="wdMethods.ProjectMethods">
    <skipped/>
  </testcase> <!-- @AfterMethod afterMethod -->
  <testcase name="@AfterTest afterTest" time="0.0" classname="wdMethods.ProjectMethods">
    <skipped/>
  </testcase> <!-- @AfterTest afterTest -->
  <testcase name="loginFail" time="0.455" classname="testcases.TC002_LogInFailer">
    <failure type="java.lang.RuntimeException" message="FAILED">
      <![CDATA[java.lang.RuntimeException: FAILED
	at utils.Reporter.reportStep(Reporter.java:34)
	at utils.Reporter.reportStep(Reporter.java:44)
	at wdMethods.SeMethods.verifyTitle(SeMethods.java:197)
	at pages.LoginPage.<init>(LoginPage.java:20)
	at testcases.TC002_LogInFailer.loginFail(TC002_LogInFailer.java:23)
... Removed 25 stack frames]]>
    </failure>
  </testcase> <!-- loginFail -->
  <testcase name="loginFail" time="0.0" classname="testcases.TC002_LogInFailer">
    <skipped/>
  </testcase> <!-- loginFail -->
</testsuite> <!-- Default test(failed) -->
